
=== 2026-03-05 20:27:26 -- task 1: create main.lua with basic Love2D window and game loop ===
Created basic Love2D game window with 800x600 resolution, dark blue background, game title, and ESC key to quit. Foundation ready for adding ball objects and game mechanics.

=== 2026-03-05 20:33:17 -- task 2: implement Ball class with position, radius, color and rendering ===
Created Ball class with position, radius, color properties and draw method. Added two test balls to verify rendering works correctly.

=== 2026-03-05 20:43:48 -- task 3 and 4: player ball keyboard controls, second pushable ball, ESC to quit, instructions overlay ===
Created main.lua with Ball class, player ball (blue) with WASD/arrow key controls, and pushable ball (red). Added ESC to quit and instruction overlay.

=== 2026-03-05 20:51:15 -- 5. Implement collision detection between the two balls ===
Added collision detection between player and pushable balls with basic separation to prevent overlap. Balls now detect when they're touching and separate appropriately.

=== 2026-03-05 20:55:10 -- task 6 ===
Added physics-based collision response with impulse calculations, restitution for bounciness, and proper ball separation to prevent overlap. The player ball can now effectively push the red ball with realistic physics interactions.

=== 2026-03-05 21:01:27 -- task 7 ===
Added friction/damping system with different values for player and pushable balls. Player ball has responsive movement with friction when not actively controlled, while pushable ball has stronger friction to gradually stop after being pushed.

=== 2026-03-05 21:19:50 -- task 8: ball moves too slow and doesnt respond to repeated pushes, also Love2D opens twice on start ===
Increased ball movement speed from 250 to 400, improved push force from 600 to 800, reduced friction for better responsiveness, and fixed wall collision to prevent sticking. The double-opening issue is likely due to running the file directly - should run with Love2D executable instead.

=== 2026-03-05 21:25:15 -- could you roll back to the prevous commit ===
Rolled back to previous version with task 7 implementation (friction and damping).

=== 2026-03-05 21:32:38 -- love2d opens twice on start ===
Added love.conf() function to properly configure window settings, which is the recommended approach and may help resolve the double-opening issue.

=== 2026-03-05 21:37:10 -- could you add zero friction to the red ball and reflection from screen side with loosing speed 0.8 ===
Added zero friction for red balls (color check) and reflection physics with 0.8 speed loss on boundary collisions. Fixed the incomplete draw function.

=== 2026-03-05 21:40:33 -- could you take a look whats wrong with the last changes, i see blackscreen only ===
Fixed incomplete Ball:draw() function and added missing love.update() and love.draw() functions with ball creation and player controls.

=== 2026-03-05 21:46:57 -- cold you take a look at the last feel note, may be its time to rollback for two commits ===
Restored the complete working file from the original version and added the red ball physics modifications - zero friction and 0.8 reflection damping for red balls only.

=== 2026-03-05 22:10:08 -- could you make friction is zero ===
Changed friction value from 0.95 to 1.0 in the Ball:update function, which removes friction for non-player balls allowing them to maintain momentum indefinitely.

=== 2026-03-05 22:27:21 -- Implemented wall reflection by changing Ball:update() to reflect velocity instead of stopping at walls, added bounce reduction for realistic physics, and adjusted friction slightly. ===
Modified Ball:update() to reflect velocity at walls with a 0.7 bounce reduction factor instead of stopping, and adjusted friction from 1.0 to 0.98 for more realistic physics.

=== 2026-03-05 22:46:01 -- summarize this commit ===
** This appears to be a complete game file rather than a commit diff - no changes can be summarized as this represents the full current state of the codebase.

=== 2026-03-06 11:15:39 -- test ===
Analyzed current game state and confirmed all major features are implemented and should be functional.

=== 2026-03-06 11:28:20 -- task 1: create Coin class with position, radius, color and rendering method ===
Created Coin class with position, radius (default 10), yellow color, and draw method for rendering coins as filled circles.

=== 2026-03-06 11:31:43 -- task 1 ===
Confirmed that Coin class with position, radius, color and rendering method was already implemented in previous response.

=== 2026-03-06 11:42:23 -- task 3: collision detection between red ball and coins ===
Added coin spawning system with 5 coins at random positions, implemented checkCoinCollision function for red ball-coin detection, and added collision handling that removes coins when touched by the red ball.

=== 2026-03-06 11:56:26 -- task 1: Create src/ directory and move game logic into separate modules ===
Created modular project structure with separate files for Ball, Coin, Physics, GameState, and UI modules, moved Love2D configuration to conf.lua, and updated main.lua to use the new modular system.

=== 2026-03-06 12:00:59 -- task 8: conf.lua ===
Task 8 was already completed in task 1 - conf.lua file exists with Love2D configuration moved out of main.lua.

=== 2026-03-06 13:20:40 -- Add coin respawn system to generate new coins after collection ===
Added coin respawn system with 2-second delay timer, maximum of 5 coins maintained, improved collision avoidance between coins, and integrated respawn logic into GameState update cycle.

=== 2026-03-06 13:27:46 -- task 1: Create shadow rendering system in ball.lua that draws dark elliptical shadows beneath balls ===
Added shadow rendering system to Ball class with drawShadow() method that renders semi-transparent elliptical shadows offset below balls for depth perception.

=== 2026-03-06 13:28:52 -- task 2: Create shadow rendering system in coin.lua that draws dark elliptical shadows beneath coins ===
Added shadow rendering system to Coin class with drawShadow() method that renders smaller, lighter elliptical shadows appropriate for coin objects.

=== 2026-03-06 13:31:32 -- task 3: Create src/audio.lua module to handle sound loading and playing ===
Created Audio module with sound loading, volume control, and specific methods for game events with error handling for missing sound files.

=== 2026-03-06 13:34:44 -- task 4:Add sound effects for ball collision (bounce/push sound) ===
Enhanced Physics module with audio-enabled collision handling and modified Ball update method to pass audio reference for boundary collision sounds.
