[2026-03-05 20:20:23] [INIT] Project initialized
[2026-03-05 20:25:39] [PLAN_START] two balls, player able to push second ball

--- 2026-03-05 20:25:51 ---
PROMPT: No source files found yet.

=== GOAL ===
two balls, player able to push second ball
RESPONSE:
TASKS:
1. Create a basic game window with a rendering system
2. Implement a Ball class with position, radius, and rendering
3. Create the first ball (player ball) with keyboard input controls for movement
4. Create the second ball (pushable ball) at a different starting position
5. Implement collision detection between the two balls
6. Add physics for the second ball to respond to pushes from the player ball
7. Add basic friction/damping to make ball movement feel natural
8. Test and refine the pushing mechanics for smooth gameplay

NOTES:
Tasks 1-3 establish the basic game foundation and player control. Tasks 4-6 implement the core pushing mechanic. Task 5 is critical as collision detection must work before physics interactions can be properly implemented. Tasks should be completed in order as each builds on the previous functionality.
[2026-03-05 20:25:51] [PLAN_END] two balls, player able to push second ball
[2026-03-05 20:27:20] [CODE_START] [short [auto]] task 1: create main.lua with basic Love2D window and game loop

--- 2026-03-05 20:27:26 ---
PROMPT: task 1: create main.lua with basic Love2D window and game loop
RESPONSE:
-- FILE: main.lua --
function love.load()
    -- Set window title
    love.window.setTitle("Two Balls - Push Game")
    
    -- Set window size
    love.window.setMode(800, 600)
    
    -- Initialize game state
    gameState = "playing"
end

function love.update(dt)
    -- Game update logic will go here
end

function love.draw()
    -- Clear screen with dark background
    love.graphics.setBackgroundColor(0.1, 0.1, 0.2)
    
    -- Draw game title
    love.graphics.setColor(1, 1, 1)
    love.graphics.print("Two Balls - Push Game", 10, 10)
    
    -- Draw instructions
    love.graphics.print("Use WASD or Arrow Keys to move", 10, 30)
end

function love.keypressed(key)
    -- Handle one-time key presses
    if key == "escape" then
        love.event.quit()
    end
end
-- END: main.lua --

DECISION_LOG: Created basic Love2D game window with 800x600 resolution, dark blue background, game title, and ESC key to quit. Foundation ready for adding ball objects and game mechanics.
[2026-03-05 20:27:39] [CODE_END] Session complete
[2026-03-05 20:31:15] [REVIEW] game is started, background is nice, there is no and game here yet
[2026-03-05 20:33:09] [CODE_START] [short [auto]] task 2: implement Ball class with position, radius, color and rendering

--- 2026-03-05 20:33:17 ---
PROMPT: task 2: implement Ball class with position, radius, color and rendering
RESPONSE:
-- FILE: main.lua --
function love.load()
    -- Set window title
    love.window.setTitle("Two Balls - Push Game")
    
    -- Set window size
    love.window.setMode(800, 600)
    
    -- Initialize game state
    gameState = "playing"
    
    -- Create Ball class
    Ball = {}
    Ball.__index = Ball
    
    function Ball:new(x, y, radius, color)
        local ball = {}
        setmetatable(ball, Ball)
        
        ball.x = x or 0
        ball.y = y or 0
        ball.radius = radius or 20
        ball.color = color or {1, 1, 1}  -- white by default
        
        return ball
    end
    
    function Ball:draw()
        love.graphics.setColor(self.color[1], self.color[2], self.color[3])
        love.graphics.circle("fill", self.x, self.y, self.radius)
        
        -- Draw outline
        love.graphics.setColor(0, 0, 0)
        love.graphics.circle("line", self.x, self.y, self.radius)
    end
    
    -- Test balls for demonstration
    testBall1 = Ball:new(200, 300, 25, {0.8, 0.2, 0.2})  -- red ball
    testBall2 = Ball:new(600, 300, 30, {0.2, 0.8, 0.2})  -- green ball
end

function love.update(dt)
    -- Game update logic will go here
end

function love.draw()
    -- Clear screen with dark background
    love.graphics.setBackgroundColor(0.1, 0.1, 0.2)
    
    -- Draw test balls
    testBall1:draw()
    testBall2:draw()
    
    -- Draw game title
    love.graphics.setColor(1, 1, 1)
    love.graphics.print("Two Balls - Push Game", 10, 10)
end
-- END: main.lua --

DECISION_LOG: Created Ball class with position, radius, color properties and draw method. Added two test balls to verify rendering works correctly.
[2026-03-05 20:33:50] [CODE_END] Session complete
[2026-03-05 20:37:48] [REVIEW] two ball are present, but instruction is missing, and esc doesn´t work
[2026-03-05 20:43:36] [CODE_START] [short [auto]] task 3 and 4: player ball keyboard controls, second pushable ball, ESC to quit, instructions overlay

--- 2026-03-05 20:43:48 ---
PROMPT: task 3 and 4: player ball keyboard controls, second pushable ball, ESC to quit, instructions overlay
RESPONSE:
-- FILE: main.lua --
function love.load()
    -- Set window title
    love.window.setTitle("Two Balls - Push Game")
    
    -- Set window size
    love.window.setMode(800, 600)
    
    -- Initialize game state
    gameState = "playing"
    
    -- Create Ball class
    Ball = {}
    Ball.__index = Ball
    
    function Ball:new(x, y, radius, color)
        local ball = {}
        setmetatable(ball, Ball)
        
        ball.x = x or 0
        ball.y = y or 0
        ball.radius = radius or 20
        ball.color = color or {1, 1, 1}  -- white by default
        ball.vx = 0  -- velocity x
        ball.vy = 0  -- velocity y
        
        return ball
    end
    
    function Ball:update(dt)
        -- Update position based on velocity
        self.x = self.x + self.vx * dt
        self.y = self.y + self.vy * dt
        
        -- Keep ball within screen bounds
        if self.x - self.radius < 0 then
            self.x = self.radius
        elseif self.x + self.radius > love.graphics.getWidth() then
            self.x = love.graphics.getWidth() - self.radius
        end
        
        if self.y - self.radius < 0 then
            self.y = self.radius
        elseif self.y + self.radius > love.graphics.getHeight() then
            self.y = love.graphics.getHeight() - self.radius
        end
    end
    
    function Ball:draw()
        love.graphics.setColor(self.color[1], self.color[2], self.color[3])
        love.graphics.circle("fill", self.x, self.y, self.radius)
    end
    
    -- Create player ball (blue)
    playerBall = Ball:new(150, 300, 25, {0.3, 0.7, 1})
    
    -- Create pushable ball (red)
    pushableBall = Ball:new(500, 300, 25, {1, 0.3, 0.3})
    
    -- Player movement speed
    playerSpeed = 300
end

function love.update(dt)
    if gameState == "playing" then
        -- Player ball keyboard controls
        playerBall.vx = 0
        playerBall.vy = 0
        
        if love.keyboard.isDown("left") or love.keyboard.isDown("a") then
            playerBall.vx = -playerSpeed
        end
        if love.keyboard.isDown("right") or love.keyboard.isDown("d") then
            playerBall.vx = playerSpeed
        end
        if love.keyboard.isDown("up") or love.keyboard.isDown("w") then
            playerBall.vy = -playerSpeed
        end
        if love.keyboard.isDown("down") or love.keyboard.isDown("s") then
            playerBall.vy = playerSpeed
        end
        
        -- Update both balls
        playerBall:update(dt)
        pushableBall:update(dt)
    end
end

function love.draw()
    -- Clear screen with dark background
    love.graphics.setBackgroundColor(0.1, 0.1, 0.2)
    
    if gameState == "playing" then
        -- Draw both balls
        playerBall:draw()
        pushableBall:draw()
        
        -- Draw instructions
        love.graphics.setColor(1, 1, 1)
        love.graphics.print("Use WASD or Arrow Keys to move the blue ball", 10, 10)
        love.graphics.print("Push the red ball around!", 10, 30)
        love.graphics.print("Press ESC to quit", 10, 50)
    end
end

function love.keypressed(key)
    if key == "escape" then
        love.event.quit()
    end
end
-- END: main.lua --

DECISION_LOG: Created main.lua with Ball class, player ball (blue) with WASD/arrow key controls, and pushable ball (red). Added ESC to quit and instruction overlay.
